<?xml version="1.0" encoding="UTF-8"?>
<testng-results ignored="0" total="4" passed="4" failed="0" skipped="0">
  <reporter-output>
  </reporter-output>
  <suite started-at="2023-04-24T12:17:05 IST" name="PetSuite" finished-at="2023-04-24T12:17:25 IST" duration-ms="20292">
    <groups>
    </groups>
    <test started-at="2023-04-24T12:17:05 IST" name="PetTest" finished-at="2023-04-24T12:17:25 IST" duration-ms="20292">
      <class name="api.test.UserPropertyFileTest">
        <test-method is-config="true" signature="setUP()[pri:0, instance:api.test.UserPropertyFileTest@3e27ba32]" started-at="2023-04-24T12:17:07 IST" name="setUP" finished-at="2023-04-24T12:17:09 IST" duration-ms="2564" status="PASS">
          <reporter-output>
          </reporter-output>
        </test-method> <!-- setUP -->
        <test-method signature="testPostUser()[pri:1, instance:api.test.UserPropertyFileTest@3e27ba32]" started-at="2023-04-24T12:17:09 IST" name="testPostUser" finished-at="2023-04-24T12:17:17 IST" duration-ms="7438" status="PASS">
          <reporter-output>
          </reporter-output>
        </test-method> <!-- testPostUser -->
        <test-method signature="testGetUserByName()[pri:2, instance:api.test.UserPropertyFileTest@3e27ba32]" started-at="2023-04-24T12:17:17 IST" name="testGetUserByName" finished-at="2023-04-24T12:17:19 IST" duration-ms="2250" status="PASS">
          <reporter-output>
          </reporter-output>
        </test-method> <!-- testGetUserByName -->
        <test-method signature="testUpdateUserByName()[pri:3, instance:api.test.UserPropertyFileTest@3e27ba32]" started-at="2023-04-24T12:17:19 IST" name="testUpdateUserByName" finished-at="2023-04-24T12:17:23 IST" duration-ms="4381" status="PASS">
          <reporter-output>
          </reporter-output>
        </test-method> <!-- testUpdateUserByName -->
        <test-method signature="testDeleteUserByName()[pri:4, instance:api.test.UserPropertyFileTest@3e27ba32]" started-at="2023-04-24T12:17:24 IST" name="testDeleteUserByName" finished-at="2023-04-24T12:17:25 IST" duration-ms="1819" status="PASS">
          <reporter-output>
          </reporter-output>
        </test-method> <!-- testDeleteUserByName -->
      </class> <!-- api.test.UserPropertyFileTest -->
    </test> <!-- PetTest -->
  </suite> <!-- PetSuite -->
</testng-results>
