<?xml version="1.0" encoding="UTF-8"?>
<!-- Generated by org.testng.reporters.JUnitXMLReporter -->
<testsuite ignored="0" hostname="HP" failures="0" tests="4" name="PetTest" time="20.292" errors="0" timestamp="2023-04-24T12:17:26 IST">
  <testcase classname="api.test.UserPropertyFileTest" name="testPostUser" time="7.438"/>
  <testcase classname="api.test.UserPropertyFileTest" name="testGetUserByName" time="2.25"/>
  <testcase classname="api.test.UserPropertyFileTest" name="testUpdateUserByName" time="4.381"/>
  <testcase classname="api.test.UserPropertyFileTest" name="testDeleteUserByName" time="1.819"/>
</testsuite> <!-- PetTest -->
